2016-04-28 16:37:01,654 Downloader.py[line:120] WARNING 正在查询订单：广东征信大数据
2016-04-28 16:37:04,429 Downloader.py[line:134] WARNING 查询到一共有5166条数据
2016-04-28 16:37:04,429 Downloader.py[line:120] WARNING 正在查询订单：广东法院大数据
2016-04-28 16:37:04,891 Downloader.py[line:134] WARNING 查询到一共有2961421条数据
2016-04-28 16:37:04,891 Downloader.py[line:120] WARNING 正在查询订单：电力燃气及水的生产和供应业征信大数据
2016-04-28 16:37:05,253 Downloader.py[line:134] WARNING 查询到一共有78202条数据
2016-04-28 16:37:05,253 Downloader.py[line:120] WARNING 正在查询订单：科学研究技术服务和地质勘查业并购大数据
2016-04-28 16:37:05,565 Downloader.py[line:134] WARNING 查询到一共有360542条数据
2016-04-28 16:37:05,565 Downloader.py[line:120] WARNING 正在查询订单：交通运输仓储和邮政业并购大数据
2016-04-28 16:37:06,042 Downloader.py[line:134] WARNING 查询到一共有537408条数据
2016-04-28 16:37:06,043 Downloader.py[line:120] WARNING 正在查询订单：卫生社会保障和社会福利业法院大数据
2016-04-28 16:37:07,378 Downloader.py[line:134] WARNING 查询到一共有229443条数据
2016-04-28 16:37:07,378 Downloader.py[line:120] WARNING 正在查询订单：教育投资大数据
2016-04-28 16:37:07,835 Downloader.py[line:134] WARNING 查询到一共有379785条数据
2016-04-28 16:37:07,835 Downloader.py[line:120] WARNING 正在查询订单：金融业征信大数据
2016-04-28 16:37:08,117 Downloader.py[line:134] WARNING 查询到一共有78941条数据
2016-04-28 16:37:08,117 Downloader.py[line:120] WARNING 正在查询订单：台湾征信大数据
2016-04-28 16:37:08,388 Downloader.py[line:134] WARNING 查询到一共有0条数据
2016-04-28 16:37:08,388 Downloader.py[line:120] WARNING 正在查询订单：香港征信大数据
2016-04-28 16:37:08,615 Downloader.py[line:134] WARNING 查询到一共有0条数据
2016-04-28 16:37:08,615 Downloader.py[line:120] WARNING 正在查询订单：澳门征信大数据
2016-04-28 16:37:09,169 Downloader.py[line:134] WARNING 查询到一共有0条数据
2016-04-28 16:37:09,169 Downloader.py[line:120] WARNING 正在查询订单：境外征信大数据
2016-04-28 16:37:09,430 Downloader.py[line:134] WARNING 查询到一共有0条数据
2016-04-28 16:37:09,430 Downloader.py[line:120] WARNING 正在查询订单：年2014投资大数据
2016-04-28 16:37:09,693 Downloader.py[line:134] WARNING 查询到一共有78941条数据
2016-04-28 16:37:09,693 Downloader.py[line:120] WARNING 正在查询订单：年2013投资大数据
2016-04-28 16:37:10,010 Downloader.py[line:134] WARNING 查询到一共有78941条数据
2016-04-28 16:37:10,010 Downloader.py[line:120] WARNING 正在查询订单：湖北企业大数据
2016-04-28 16:37:10,452 Downloader.py[line:134] WARNING 查询到一共有3763条数据
2016-04-28 16:37:10,453 Downloader.py[line:146] WARNING 正在下载订单的企业列表：广东征信大数据 
2016-04-28 16:38:48,962 Downloader.py[line:168] WARNING 广东征信大数据的企业列表下载完成！
2016-04-28 16:38:48,977 Downloader.py[line:185] WARNING 一共有效下载5166条企业信息
2016-04-28 16:38:48,978 Downloader.py[line:198] WARNING 正在查询全部企业的详细信息
