å¼€å§‹æ—¶é—´ï¼šThu Apr  7 15:15:04 2016å¼€å§‹æ—¶é—´ï¼šThu Apr  7 15:15:51 2016
wrong downloading: ä»·æ ¼æŒ‡æ•°/åˆ†è¡Œä¸šå·¥ä¸šç”Ÿäº§è€…å‡ºå‚ä»·æ ¼æŒ‡æ•°(ä¸Šå¹´åŒæœˆ=100)(2014-è‡³ä»Š).xlsexception: Message: Element is not clickable at point (1102, 9). Other element would receive the click: <th class=""></th>
This is the 1 time to try
wrong downloading: å·¥ä¸š/ç§è¥å·¥ä¸šä¼ä¸šä¸»è¦ç»æµæŒ‡æ ‡.xlsexception: Message: Element is not clickable at point (1102, 9). Other element would receive the click: <strong></strong>
This is the 1 time to try
wrong downloading: å·¥ä¸š/æŒ‰è¡Œä¸šåˆ†å·¥ä¸šä¼ä¸šä¸»è¦ç»æµæŒ‡æ ‡(2001-2002)/å·¥ä¸šä¼ä¸šå•ä½æ•°.xlsexception: Message: Element is not clickable at point (1102, 9). Other element would receive the click: <strong></strong>
This is the 1 time to try
wrong downloading: å·¥ä¸š/æŒ‰è¡Œä¸šåˆ†å·¥ä¸šä¼ä¸šä¸»è¦ç»æµæŒ‡æ ‡(2003-2011)/å·¥ä¸šä¼ä¸šå•ä½æ•°.xlsexception: Message: Element is not clickable at point (1102, 9). Other element would receive the click: <strong></strong>
This is the 1 time to try
wrong downloading: å·¥ä¸š/æŒ‰è¡Œä¸šåˆ†å·¥ä¸šä¼ä¸šä¸»è¦ç»æµæŒ‡æ ‡(2012-è‡³ä»Š)/å·¥ä¸šä¼ä¸šå•ä½æ•°.xlsexception: Message: Element is not clickable at point (1102, 9). Other element would receive the click: <span class="" code="201601"></span>
This is the 1 time to try
wrong downloading: å·¥ä¸š/æŒ‰è¡Œä¸šåˆ†å·¥ä¸šä¼ä¸šä¸»è¦ç»æµæŒ‡æ ‡(2012-è‡³ä»Š)/å·¥ä¸šä¼ä¸šè´Ÿå€ºåˆè®¡.xlsexception: Message: Element is not clickable at point (1102, 9). Other element would receive the click: <strong></strong>
This is the 1 time to try
wrong downloading: å›ºå®šèµ„äº§æŠ•èµ„(ä¸å«å†œæˆ·)/å›ºå®šèµ„äº§æŠ•èµ„æƒ…å†µ.xlsexception: Message: Element is not clickable at point (1102, 9). Other element would receive the click: <th class=""></th>
This is the 1 time to try
wrong downloading: å›ºå®šèµ„äº§æŠ•èµ„(ä¸å«å†œæˆ·)/æŒ‰è¡Œä¸šåˆ†å›ºå®šèµ„äº§æŠ•èµ„æƒ…å†µ(1998-2003)/ç¬¬ä¸‰äº§ä¸šå›ºå®šèµ„äº§æŠ•èµ„é¢.xlsexception: Message: Element is not clickable at point (1102, 9). Other element would receive the click: <th class=""></th>
This is the 1 time to try
wrong downloading: æˆ¿åœ°äº§/æˆ¿åœ°äº§å¼€å‘æŠ•èµ„æƒ…å†µ.xlsexception: Message: Element is not clickable at point (1102, 9). Other element would receive the click: <strong></strong>
This is the 1 time to try
wrong downloading: å¯¹å¤–ç»æµ/è¿›å‡ºå£æ€»é¢.xlsexception: Message: Element is not clickable at point (1102, 9). Other element would receive the click: <strong></strong>
This is the 1 time to try
wrong downloading: äº¤é€šè¿è¾“/æ—…å®¢è¿è¾“é‡.xlsexception: Message: Element is not clickable at point (343, 818). Other element would receive the click: <div style="left: 263px; display: block;" class="tc experience"></div>
This is the 1 time to try
wrong downloading: äº¤é€šè¿è¾“/æ—…å®¢è¿è¾“é‡.xlsexception: Message: Element is not clickable at point (343, 818). Other element would receive the click: <div style="left: 263px; display: block;" class="tc experience"></div>
This is the 2 time to try
wrong downloading: äº¤é€šè¿è¾“/æ—…å®¢è¿è¾“é‡.xlsexception: Message: Element is not clickable at point (343, 818). Other element would receive the click: <div style="left: 263px; display: block;" class="tc experience"></div>
This is the 3 time to try
wrong downloading: é‡‘è/è´§å¸ä¾›åº”é‡.xlsexception: Message: Unable to locate element: {"method":"id","selector":"treeZhiBiao_391_a"}
Stacktrace:
    at FirefoxDriver.prototype.findElementInternal_ (file:///C:/Users/kylin/AppData/Local/Temp/tmpizfk7yxt/extensions/fxdriver@googlecode.com/components/driver-component.js:10770)
    at fxdriver.Timer.prototype.setTimeout/<.notify (file:///C:/Users/kylin/AppData/Local/Temp/tmpizfk7yxt/extensions/fxdriver@googlecode.com/components/driver-component.js:625)This is the 1 time to try
wrong downloading: é‡‘è/è´§å¸ä¾›åº”é‡.xlsexception: Message: Unable to locate element: {"method":"id","selector":"treeZhiBiao_391_a"}
Stacktrace:
    at FirefoxDriver.prototype.findElementInternal_ (file:///C:/Users/kylin/AppData/Local/Temp/tmpizfk7yxt/extensions/fxdriver@googlecode.com/components/driver-component.js:10770)
    at fxdriver.Timer.prototype.setTimeout/<.notify (file:///C:/Users/kylin/AppData/Local/Temp/tmpizfk7yxt/extensions/fxdriver@googlecode.com/components/driver-component.js:625)This is the 2 time to try
wrong downloading: é‡‘è/è´§å¸ä¾›åº”é‡.xlsexception: Message: Unable to locate element: {"method":"id","selector":"treeZhiBiao_391_a"}
Stacktrace:
    at FirefoxDriver.prototype.findElementInternal_ (file:///C:/Users/kylin/AppData/Local/Temp/tmpizfk7yxt/extensions/fxdriver@googlecode.com/components/driver-component.js:10770)
    at fxdriver.Timer.prototype.setTimeout/<.notify (file:///C:/Users/kylin/AppData/Local/Temp/tmpizfk7yxt/extensions/fxdriver@googlecode.com/components/driver-component.js:625)This is the 3 time to tryæ­£åœ¨å°è¯•é‡æ–°ä¸‹è½½ä¹‹å‰ä¸‹è½½å¤±è´¥çš„æ–‡ä»¶...å‡ºé”™çš„æ–‡ä»¶æœ‰ä»¥ä¸‹è¿™äº›ï¼štreeZhiBiao_391_a : é‡‘è/è´§å¸ä¾›åº”é‡.xlstreeZhiBiao_385_a : äº¤é€šè¿è¾“/æ—…å®¢è¿è¾“é‡.xls
wrong downloading: é‡‘è/è´§å¸ä¾›åº”é‡.xlsexception: Message: Unable to locate element: {"method":"id","selector":"treeZhiBiao_391_a"}
Stacktrace:
    at FirefoxDriver.prototype.findElementInternal_ (file:///C:/Users/kylin/AppData/Local/Temp/tmpizfk7yxt/extensions/fxdriver@googlecode.com/components/driver-component.js:10770)
    at fxdriver.Timer.prototype.setTimeout/<.notify (file:///C:/Users/kylin/AppData/Local/Temp/tmpizfk7yxt/extensions/fxdriver@googlecode.com/components/driver-component.js:625)é‡æ–°ä¸‹è½½æˆåŠŸæ–‡ä»¶æ•°é‡ï¼š1é‡æ–°ä¸‹è½½ä»ç„¶å¤±è´¥ï¼Œéœ€è¦æ‰‹åŠ¨ä¸‹è½½å¦‚ä¸‹æ–‡ä»¶ï¼šé‡‘è/è´§å¸ä¾›åº”é‡.xls
æˆåŠŸä¸‹è½½æ–‡ä»¶æ•°é‡ï¼š359ä¸ªä¸‹è½½å¤±è´¥æ–‡ä»¶æ•°é‡ï¼š2ä¸ª½áÊøÊ±¼ä£ºThu Apr  7 16:09:08 2016å¼€å§‹æ—¶é—´ï¼šWed Apr 27 11:00:18 2016å¼€å§‹æ—¶é—´ï¼šWed Apr 27 11:09:48 2016å¼€å§‹æ—¶é—´ï¼šThu Apr 28 10:37:51 2016
wrong downloading: ä»·æ ¼æŒ‡æ•°/å±…æ°‘æ¶ˆè´¹ä»·æ ¼åˆ†ç±»æŒ‡æ•°(ä¸Šå¹´åŒæœˆ=100)/å…¨å›½å±…æ°‘æ¶ˆè´¹ä»·æ ¼åˆ†ç±»æŒ‡æ•°(ä¸Šå¹´åŒæœˆ=100).xlsexception: Message: Unable to locate element: {"method":"css selector","selector":"a.download1.mr20"}
Stacktrace:
    at FirefoxDriver.prototype.findElementInternal_ (file:///C:/Users/kylin/AppData/Local/Temp/tmp9vz40zv_/extensions/fxdriver@googlecode.com/components/driver-component.js:10770)
    at fxdriver.Timer.prototype.setTimeout/<.notify (file:///C:/Users/kylin/AppData/Local/Temp/tmp9vz40zv_/extensions/fxdriver@googlecode.com/components/driver-component.js:625)This is the 1 time to try
wrong downloading: ä»·æ ¼æŒ‡æ•°/å±…æ°‘æ¶ˆè´¹ä»·æ ¼åˆ†ç±»æŒ‡æ•°(ä¸Šå¹´åŒæœˆ=100)/å…¨å›½å±…æ°‘æ¶ˆè´¹ä»·æ ¼åˆ†ç±»æŒ‡æ•°(ä¸Šå¹´åŒæœˆ=100).xlsexception: Message: Unable to locate element: {"method":"css selector","selector":"a.download1.mr20"}
Stacktrace:
    at FirefoxDriver.prototype.findElementInternal_ (file:///C:/Users/kylin/AppData/Local/Temp/tmp9vz40zv_/extensions/fxdriver@googlecode.com/components/driver-component.js:10770)
    at fxdriver.Timer.prototype.setTimeout/<.notify (file:///C:/Users/kylin/AppData/Local/Temp/tmp9vz40zv_/extensions/fxdriver@googlecode.com/components/driver-component.js:625)This is the 2 time to try
wrong downloading: ä»·æ ¼æŒ‡æ•°/å±…æ°‘æ¶ˆè´¹ä»·æ ¼åˆ†ç±»æŒ‡æ•°(ä¸Šå¹´åŒæœˆ=100)/å…¨å›½å±…æ°‘æ¶ˆè´¹ä»·æ ¼åˆ†ç±»æŒ‡æ•°(ä¸Šå¹´åŒæœˆ=100).xlsexception: Message: Unable to locate element: {"method":"css selector","selector":"a.download1.mr20"}
Stacktrace:
    at FirefoxDriver.prototype.findElementInternal_ (file:///C:/Users/kylin/AppData/Local/Temp/tmp9vz40zv_/extensions/fxdriver@googlecode.com/components/driver-component.js:10770)
    at fxdriver.Timer.prototype.setTimeout/<.notify (file:///C:/Users/kylin/AppData/Local/Temp/tmp9vz40zv_/extensions/fxdriver@googlecode.com/components/driver-component.js:625)This is the 3 time to try
wrong downloading: ä»·æ ¼æŒ‡æ•°/å±…æ°‘æ¶ˆè´¹ä»·æ ¼åˆ†ç±»æŒ‡æ•°(ä¸Šå¹´åŒæœˆ=100)/å…¨å›½é£Ÿå“ç±»å±…æ°‘æ¶ˆè´¹ä»·æ ¼æŒ‡æ•°(ä¸Šå¹´åŒæœˆ=100).xlsexception: Message: Unable to locate element: {"method":"css selector","selector":"a.download1.mr20"}
Stacktrace:
    at FirefoxDriver.prototype.findElementInternal_ (file:///C:/Users/kylin/AppData/Local/Temp/tmp9vz40zv_/extensions/fxdriver@googlecode.com/components/driver-component.js:10770)
    at fxdriver.Timer.prototype.setTimeout/<.notify (file:///C:/Users/kylin/AppData/Local/Temp/tmp9vz40zv_/extensions/fxdriver@googlecode.com/components/driver-component.js:625)This is the 1 time to try
wrong downloading: ä»·æ ¼æŒ‡æ•°/å±…æ°‘æ¶ˆè´¹ä»·æ ¼åˆ†ç±»æŒ‡æ•°(ä¸Šå¹´åŒæœˆ=100)/å…¨å›½é£Ÿå“ç±»å±…æ°‘æ¶ˆè´¹ä»·æ ¼æŒ‡æ•°(ä¸Šå¹´åŒæœˆ=100).xlsexception: Message: Unable to locate element: {"method":"css selector","selector":"a.download1.mr20"}
Stacktrace:
    at FirefoxDriver.prototype.findElementInternal_ (file:///C:/Users/kylin/AppData/Local/Temp/tmp9vz40zv_/extensions/fxdriver@googlecode.com/components/driver-component.js:10770)
    at fxdriver.Timer.prototype.setTimeout/<.notify (file:///C:/Users/kylin/AppData/Local/Temp/tmp9vz40zv_/extensions/fxdriver@googlecode.com/components/driver-component.js:625)This is the 2 time to tryå¼€å§‹æ—¶é—´ï¼šThu Apr 28 10:41:21 2016
wrong downloading: ä»·æ ¼æŒ‡æ•°/å±…æ°‘æ¶ˆè´¹ä»·æ ¼åˆ†ç±»æŒ‡æ•°(ä¸Šå¹´åŒæœˆ=100)/å…¨å›½å±…æ°‘æ¶ˆè´¹ä»·æ ¼åˆ†ç±»æŒ‡æ•°(ä¸Šå¹´åŒæœˆ=100).xlsexception: Message: Unable to locate element: {"method":"css selector","selector":"a.download1.mr20"}
Stacktrace:
    at FirefoxDriver.prototype.findElementInternal_ (file:///C:/Users/kylin/AppData/Local/Temp/tmpaiosrzxt/extensions/fxdriver@googlecode.com/components/driver-component.js:10770)
    at fxdriver.Timer.prototype.setTimeout/<.notify (file:///C:/Users/kylin/AppData/Local/Temp/tmpaiosrzxt/extensions/fxdriver@googlecode.com/components/driver-component.js:625)This is the 1 time to tryå¼€å§‹æ—¶é—´ï¼šThu Apr 28 10:46:21 2016
wrong downloading: ä»·æ ¼æŒ‡æ•°/å±…æ°‘æ¶ˆè´¹ä»·æ ¼åˆ†ç±»æŒ‡æ•°(ä¸Šå¹´åŒæœˆ=100)/å…¨å›½å±…æ°‘æ¶ˆè´¹ä»·æ ¼åˆ†ç±»æŒ‡æ•°(ä¸Šå¹´åŒæœˆ=100).xlsexception: Message: Unable to locate element: {"method":"css selector","selector":"a.download1.mr20"}
Stacktrace:
    at FirefoxDriver.prototype.findElementInternal_ (file:///C:/Users/kylin/AppData/Local/Temp/tmpj9mxf_8x/extensions/fxdriver@googlecode.com/components/driver-component.js:10770)
    at fxdriver.Timer.prototype.setTimeout/<.notify (file:///C:/Users/kylin/AppData/Local/Temp/tmpj9mxf_8x/extensions/fxdriver@googlecode.com/components/driver-component.js:625)This is the 1 time to try
wrong downloading: ä»·æ ¼æŒ‡æ•°/å±…æ°‘æ¶ˆè´¹ä»·æ ¼åˆ†ç±»æŒ‡æ•°(ä¸Šå¹´åŒæœˆ=100)/å…¨å›½å±…æ°‘æ¶ˆè´¹ä»·æ ¼åˆ†ç±»æŒ‡æ•°(ä¸Šå¹´åŒæœˆ=100).xlsexception: Message: Unable to locate element: {"method":"css selector","selector":"a.download1.mr20"}
Stacktrace:
    at FirefoxDriver.prototype.findElementInternal_ (file:///C:/Users/kylin/AppData/Local/Temp/tmpj9mxf_8x/extensions/fxdriver@googlecode.com/components/driver-component.js:10770)
    at fxdriver.Timer.prototype.setTimeout/<.notify (file:///C:/Users/kylin/AppData/Local/Temp/tmpj9mxf_8x/extensions/fxdriver@googlecode.com/components/driver-component.js:625)This is the 2 time to try
wrong downloading: ä»·æ ¼æŒ‡æ•°/å±…æ°‘æ¶ˆè´¹ä»·æ ¼åˆ†ç±»æŒ‡æ•°(ä¸Šå¹´åŒæœˆ=100)/å…¨å›½å±…æ°‘æ¶ˆè´¹ä»·æ ¼åˆ†ç±»æŒ‡æ•°(ä¸Šå¹´åŒæœˆ=100).xlsexception: Message: Unable to locate element: {"method":"css selector","selector":"a.download1.mr20"}
Stacktrace:
    at FirefoxDriver.prototype.findElementInternal_ (file:///C:/Users/kylin/AppData/Local/Temp/tmpj9mxf_8x/extensions/fxdriver@googlecode.com/components/driver-component.js:10770)
    at fxdriver.Timer.prototype.setTimeout/<.notify (file:///C:/Users/kylin/AppData/Local/Temp/tmpj9mxf_8x/extensions/fxdriver@googlecode.com/components/driver-component.js:625)This is the 3 time to tryå¼€å§‹æ—¶é—´ï¼šThu Apr 28 10:49:31 2016å¼€å§‹æ—¶é—´ï¼šThu Apr 28 10:50:27 2016
wrong downloading: ä»·æ ¼æŒ‡æ•°/å±…æ°‘æ¶ˆè´¹ä»·æ ¼åˆ†ç±»æŒ‡æ•°(ä¸Šå¹´åŒæœˆ=100)/å…¨å›½å±…æ°‘æ¶ˆè´¹ä»·æ ¼åˆ†ç±»æŒ‡æ•°(ä¸Šå¹´åŒæœˆ=100).xlsexception: [Errno 2] No such file or directory: 'download/æœˆåº¦æ•°æ®.xls'This is the 1 time to try
wrong downloading: ä»·æ ¼æŒ‡æ•°/å±…æ°‘æ¶ˆè´¹ä»·æ ¼åˆ†ç±»æŒ‡æ•°(ä¸Šå¹´åŒæœˆ=100)/å…¨å›½å±…æ°‘æ¶ˆè´¹ä»·æ ¼åˆ†ç±»æŒ‡æ•°(ä¸Šå¹´åŒæœˆ=100).xlsexception: [Errno 2] No such file or directory: 'download/æœˆåº¦æ•°æ®.xls'This is the 2 time to try
wrong downloading: ä»·æ ¼æŒ‡æ•°/å±…æ°‘æ¶ˆè´¹ä»·æ ¼åˆ†ç±»æŒ‡æ•°(ä¸Šå¹´åŒæœˆ=100)/å…¨å›½å±…æ°‘æ¶ˆè´¹ä»·æ ¼åˆ†ç±»æŒ‡æ•°(ä¸Šå¹´åŒæœˆ=100).xlsexception: [Errno 2] No such file or directory: 'download/æœˆåº¦æ•°æ®.xls'This is the 3 time to tryå¼€å§‹æ—¶é—´ï¼šThu Apr 28 10:51:32 2016
wrong downloading: ä»·æ ¼æŒ‡æ•°/åˆ†è¡Œä¸šå·¥ä¸šç”Ÿäº§è€…å‡ºå‚ä»·æ ¼æŒ‡æ•°(ä¸Šå¹´åŒæœˆ=100)(2014-è‡³ä»Š).xlsexception: Message: Element is not clickable at point (1133, 9). Other element would receive the click: <th class=""></th>
This is the 1 time to try